<?xml version="1.0" encoding="UTF-8"?>
<!-- Generated by org.testng.reporters.JUnitReportReporter -->
<testsuite skipped="0" hostname="DESKTOP-2QSEBSH" name="shopp.testNG.NewTest" tests="10" failures="0" timestamp="2020-06-15T06:55:23 CST" time="0.190" errors="0">
  <testcase name="f" time="0.025" classname="shopp.testNG.NewTest"/>
  <system-out/>
  <testcase name="f" time="0.017" classname="shopp.testNG.NewTest"/>
  <system-out/>
  <testcase name="f" time="0.017" classname="shopp.testNG.NewTest"/>
  <system-out/>
  <testcase name="f" time="0.030" classname="shopp.testNG.NewTest"/>
  <system-out/>
  <testcase name="f" time="0.018" classname="shopp.testNG.NewTest"/>
  <system-out/>
  <testcase name="f" time="0.037" classname="shopp.testNG.NewTest"/>
  <system-out/>
  <testcase name="f" time="0.014" classname="shopp.testNG.NewTest"/>
  <system-out/>
  <testcase name="f" time="0.005" classname="shopp.testNG.NewTest"/>
  <system-out/>
  <testcase name="f" time="0.011" classname="shopp.testNG.NewTest"/>
  <system-out/>
  <testcase name="f" time="0.016" classname="shopp.testNG.NewTest"/>
  <system-out/>
</testsuite> <!-- shopp.testNG.NewTest -->
